<?xml version="1.0" encoding="UTF-8"?>
<testsuite xmlns:xsi="http://www.w3.org/2001/XMLSchema-instance" xsi:noNamespaceSchemaLocation="https://maven.apache.org/surefire/maven-surefire-plugin/xsd/surefire-test-report-3.0.xsd" version="3.0" name="TestSuite" time="1.211" tests="1" errors="0" skipped="0" failures="0">
  <properties>
[...]
</properties>
  <testcase name="runScenario[&quot;User trying to login with registered number&quot;, &quot;Optional[Login]&quot;](1)" classname="test.mypackage.login.LoginRunner" time="0.236">
    <system-out><![CDATA[helloo aliiii
helloo Ranroon
]]></system-out>
  </testcase>
</testsuite>